0 info it worked if it ends with ok
1 verbose cli [ '/Users/chiper/.nvm/versions/node/v4.6.0/bin/node',
1 verbose cli   '/Users/chiper/.nvm/versions/node/v4.6.0/bin/npm',
1 verbose cli   'version',
1 verbose cli   'major' ]
2 info using npm@3.10.8
3 info using node@v4.6.0
4 error version No valid package.json found
5 verbose stack SyntaxError: Unexpected token }
5 verbose stack     at Object.parse (native)
5 verbose stack     at /Users/chiper/.nvm/versions/node/v4.6.0/lib/node_modules/npm/lib/version.js:114:19
5 verbose stack     at /Users/chiper/.nvm/versions/node/v4.6.0/lib/node_modules/npm/node_modules/graceful-fs/graceful-fs.js:78:16
5 verbose stack     at FSReqWrap.readFileAfterClose [as oncomplete] (fs.js:380:3)
6 verbose cwd /Users/chiper/ChiperSoft/JS/well-rested
7 error Darwin 16.0.0
8 error argv "/Users/chiper/.nvm/versions/node/v4.6.0/bin/node" "/Users/chiper/.nvm/versions/node/v4.6.0/bin/npm" "version" "major"
9 error node v4.6.0
10 error npm  v3.10.8
11 error Unexpected token }
12 error If you need help, you may report this error at:
12 error     <https://github.com/npm/npm/issues>
13 verbose exit [ 1, true ]
